Wed Jan 21 10:01:21 UTC 2026: Tool=report_intent Args={
  "intent": "Preparing weekly menu plan"
}
Wed Jan 21 10:01:21 UTC 2026: Tool=view Args={
  "path": "/home/runner/work/smart-menu-planner/smart-menu-planner/ingredients_to_ignore.md"
}
Wed Jan 21 10:01:21 UTC 2026: Tool=view Args={
  "path": "/home/runner/work/smart-menu-planner/smart-menu-planner/menu_plans"
}
Wed Jan 21 10:01:22 UTC 2026: Tool=view Args={
  "path": "/home/runner/work/smart-menu-planner/smart-menu-planner/menu_plans/MENU_PLAN_20260118.md"
}
Wed Jan 21 10:01:26 UTC 2026: Tool=update_todo Args={
  "todos": "- [x] Read ingredients_to_ignore.md\n- [x] Read previous menu plans\n- [ ] Compose new weekly menu plan avoiding restricted ingredients and previous meals\n- [ ] Write menu plan markdown file in menu_plans\n- [ ] Write all recipe markdown files in recipes/YYYYMMDD\n- [ ] Write INGREDIENTS.md in recipes/YYYYMMDD"
}
Wed Jan 21 10:01:26 UTC 2026: Tool=view Args={
  "path": "/home/runner/work/smart-menu-planner/smart-menu-planner/recipes"
}
Wed Jan 21 10:01:44 UTC 2026: Tool=create Args={
  "path": "/home/runner/work/smart-menu-planner/smart-menu-planner/recipes/20260121/RECIPE_Mediterranean_lentil_soup_Feta_and_olive_salad.md",
  "file_text": "# Mediterranean Lentil Soup & Feta and Olive Salad\n\n## Ingredients\n- 120g brown lentils\n- 1 medium onion\n- 1 carrot\n- 1 celery stalk\n- 2 garlic cloves\n- 1 can chopped tomatoes (400g)\n- 1L vegetable broth\n- 2 tbsp olive oil\n- 1 tsp cumin\n- 1 tsp smoked paprika\n- Salt and pepper\n- 100g feta cheese\n- 80g Kalamata olives\n- 1 small cucumber\n- 1 small red onion\n- 1 tbsp fresh parsley\n- 1 tbsp lemon juice\n\n## Instructions\n1. Rinse lentils. Chop onion, carrot, celery, and garlic.\n2. Heat olive oil in a pot, sauté onion, carrot, celery, and garlic until soft.\n3. Add cumin and paprika, stir for 1 min. Add lentils, tomatoes, and broth.\n4. Simmer 30 min until lentils are tender. Season with salt and pepper.\n5. For salad: slice cucumber and onion, mix with olives, crumbled feta, parsley, and lemon juice.\n6. Serve soup hot with salad on the side."
}
Wed Jan 21 10:01:44 UTC 2026: Tool=create Args={
  "path": "/home/runner/work/smart-menu-planner/smart-menu-planner/menu_plans/MENU_PLAN_20260121.md",
  "file_text": "# Weekly Menu Plan\n\n| Day      | Meal   | Main Dish                                 | Side Dish                |\n|----------|--------|-------------------------------------------|--------------------------|\n| Monday   | Lunch  | Mediterranean lentil soup                 | Feta and olive salad     |\n| Monday   | Dinner | Grilled sea bass with herbs               | Roasted cauliflower      |\n| Tuesday  | Lunch  | Chicken biryani (Indian)                  | Cucumber raita           |\n| Tuesday  | Dinner | Nordic baked salmon with dill              | Beetroot and apple salad |\n| Wednesday| Lunch  | Vegetable tagine (Moroccan)               | Labneh with za'atar      |\n| Wednesday| Dinner | Stir-fried veal with ginger and broccoli  | Asian cucumber salad     |\n| Thursday | Lunch  | Pasta primavera (Italian)                 | Caprese salad            |\n| Thursday | Dinner | Chickpea and spinach curry (Indian)       | Tomato and onion salad   |\n| Friday   | Lunch  | Greek fish stew (Psarosoupa, no soup)     | Horiatiki salad          |\n"
}
Wed Jan 21 10:01:44 UTC 2026: Tool=create Args={
  "path": "/home/runner/work/smart-menu-planner/smart-menu-planner/recipes/20260121/RECIPE_Grilled_sea_bass_with_herbs_Roasted_cauliflower.md",
  "file_text": "# Grilled Sea Bass with Herbs & Roasted Cauliflower\n\n## Ingredients\n- 2 sea bass fillets (150g each)\n- 1 lemon\n- 2 tbsp fresh parsley\n- 1 tbsp fresh dill\n- 2 tbsp olive oil\n- Salt and pepper\n- 1 small cauliflower\n- 1 tsp smoked paprika\n- 1 tbsp olive oil\n\n## Instructions\n1. Preheat oven to 200°C. Cut cauliflower into florets, toss with olive oil, paprika, salt, and pepper. Roast 25 min.\n2. Mix chopped herbs, lemon zest, olive oil, salt, and pepper. Rub over sea bass.\n3. Grill sea bass 3-4 min per side until cooked.\n4. Serve with roasted cauliflower."
}
Wed Jan 21 10:01:58 UTC 2026: Tool=create Args={
  "path": "/home/runner/work/smart-menu-planner/smart-menu-planner/recipes/20260121/RECIPE_Chicken_biryani_Cucumber_raita.md",
  "file_text": "# Chicken Biryani & Cucumber Raita\n\n## Ingredients\n- 180g basmati rice\n- 250g chicken breast\n- 1 medium onion\n- 1 tomato\n- 2 garlic cloves\n- 1 tsp ginger\n- 2 tbsp biryani spice mix\n- 2 tbsp yogurt\n- 2 tbsp olive oil\n- 350ml chicken broth\n- Salt and pepper\n- 1 small cucumber\n- 120g Greek yogurt\n- 1 tbsp fresh mint\n- 1/2 tsp cumin\n\n## Instructions\n1. Rinse rice. Slice onion, tomato, garlic, and ginger.\n2. Sauté onion, garlic, and ginger in oil. Add chicken, brown, then add tomato and biryani spice.\n3. Stir in rice, yogurt, and broth. Simmer covered 20 min until rice is cooked.\n4. For raita: grate cucumber, mix with yogurt, mint, and cumin.\n5. Serve biryani hot with raita."
}
Wed Jan 21 10:01:58 UTC 2026: Tool=create Args={
  "path": "/home/runner/work/smart-menu-planner/smart-menu-planner/recipes/20260121/RECIPE_Nordic_baked_salmon_with_dill_Beetroot_and_apple_salad.md",
  "file_text": "# Nordic Baked Salmon with Dill & Beetroot and Apple Salad\n\n## Ingredients\n- 2 salmon fillets (150g each)\n- 2 tbsp fresh dill\n- 1 lemon\n- 1 tbsp olive oil\n- Salt and pepper\n- 2 small cooked beetroots\n- 1 apple\n- 1 tbsp apple cider vinegar\n- 1 tbsp olive oil\n- 1 tbsp fresh parsley\n\n## Instructions\n1. Preheat oven to 180°C. Place salmon on baking tray, top with dill, lemon juice, olive oil, salt, and pepper. Bake 15 min.\n2. Dice beetroot and apple, toss with vinegar, olive oil, and parsley.\n3. Serve salmon with salad."
}
Wed Jan 21 10:02:10 UTC 2026: Tool=create Args={
  "path": "/home/runner/work/smart-menu-planner/smart-menu-planner/recipes/20260121/RECIPE_Vegetable_tagine_Labneh_with_zaatar.md",
  "file_text": "# Vegetable Tagine & Labneh with Za'atar\n\n## Ingredients\n- 1 small eggplant\n- 1 zucchini\n- 1 carrot\n- 1 bell pepper\n- 1 small onion\n- 2 garlic cloves\n- 1 can chickpeas (400g)\n- 1 can chopped tomatoes (400g)\n- 1 tsp cumin\n- 1 tsp coriander\n- 1 tsp cinnamon\n- 2 tbsp olive oil\n- Salt and pepper\n- 120g labneh\n- 1 tsp za'atar\n- 1 tbsp olive oil\n\n## Instructions\n1. Chop all vegetables. Sauté onion and garlic in oil, add spices, then vegetables. Cook 5 min.\n2. Add chickpeas and tomatoes, simmer 25 min. Season.\n3. For labneh: drizzle with olive oil and sprinkle za'atar.\n4. Serve tagine hot with labneh."
}
Wed Jan 21 10:02:10 UTC 2026: Tool=create Args={
  "path": "/home/runner/work/smart-menu-planner/smart-menu-planner/recipes/20260121/RECIPE_Stir-fried_veal_with_ginger_and_broccoli_Asian_cucumber_salad.md",
  "file_text": "# Stir-fried Veal with Ginger and Broccoli & Asian Cucumber Salad\n\n## Ingredients\n- 200g veal strips\n- 1 small broccoli\n- 1 small carrot\n- 1 tbsp fresh ginger\n- 2 garlic cloves\n- 2 tbsp soy sauce\n- 1 tbsp sesame oil\n- 1 tbsp olive oil\n- 1 small cucumber\n- 1 tbsp rice vinegar\n- 1 tsp sesame seeds\n- 1 tsp honey\n\n## Instructions\n1. Slice veal, broccoli, carrot, ginger, and garlic.\n2. Stir-fry veal in olive oil, add ginger and garlic, then vegetables. Add soy sauce and sesame oil, cook 5 min.\n3. For salad: slice cucumber, toss with vinegar, sesame seeds, and honey.\n4. Serve stir-fry with salad."
}
Wed Jan 21 10:02:24 UTC 2026: Tool=create Args={
  "path": "/home/runner/work/smart-menu-planner/smart-menu-planner/recipes/20260121/RECIPE_Pasta_primavera_Caprese_salad.md",
  "file_text": "# Pasta Primavera & Caprese Salad\n\n## Ingredients\n- 160g penne pasta\n- 1 small zucchini\n- 1 small carrot\n- 1 bell pepper\n- 1 small onion\n- 1 garlic clove\n- 1 tbsp olive oil\n- 1 can cherry tomatoes (200g)\n- 1 tsp dried oregano\n- Salt and pepper\n- 120g mozzarella\n- 2 tomatoes\n- 10 basil leaves\n- 1 tbsp olive oil\n\n## Instructions\n1. Cook pasta. Sauté onion, garlic, and vegetables in oil. Add tomatoes and oregano, cook 5 min.\n2. Toss pasta with vegetables, season.\n3. For salad: slice mozzarella and tomatoes, layer with basil, drizzle with oil.\n4. Serve together."
}
Wed Jan 21 10:02:24 UTC 2026: Tool=create Args={
  "path": "/home/runner/work/smart-menu-planner/smart-menu-planner/recipes/20260121/RECIPE_Chickpea_and_spinach_curry_Tomato_and_onion_salad.md",
  "file_text": "# Chickpea and Spinach Curry & Tomato and Onion Salad\n\n## Ingredients\n- 1 can chickpeas (400g)\n- 100g spinach\n- 1 small onion\n- 2 garlic cloves\n- 1 tsp ginger\n- 1 tsp curry powder\n- 1 can chopped tomatoes (400g)\n- 1 tbsp olive oil\n- Salt and pepper\n- 2 tomatoes\n- 1/2 small red onion\n- 1 tbsp fresh coriander\n- 1 tbsp lemon juice\n\n## Instructions\n1. Sauté onion, garlic, and ginger in oil. Add curry powder, chickpeas, tomatoes, and simmer 15 min.\n2. Add spinach, cook 3 min. Season.\n3. For salad: slice tomatoes and onion, toss with coriander and lemon juice.\n4. Serve curry with salad."
}
Wed Jan 21 10:02:40 UTC 2026: Tool=create Args={
  "path": "/home/runner/work/smart-menu-planner/smart-menu-planner/recipes/20260121/RECIPE_Greek_fish_stew_Horiatiki_salad.md",
  "file_text": "# Greek Fish Stew & Horiatiki Salad\n\n## Ingredients\n- 2 white fish fillets (cod or haddock, 150g each)\n- 1 small onion\n- 1 bell pepper\n- 1 tomato\n- 2 garlic cloves\n- 1 tbsp olive oil\n- 1 tsp dried oregano\n- 400ml fish stock\n- Salt and pepper\n- 100g feta cheese\n- 1 small cucumber\n- 2 tomatoes\n- 1/2 small red onion\n- 8 Kalamata olives\n- 1 tbsp olive oil\n- 1 tbsp red wine vinegar\n\n## Instructions\n1. Chop onion, pepper, tomato, and garlic. Sauté in oil, add oregano, then fish and stock. Simmer 10 min.\n2. For salad: chop cucumber, tomatoes, onion, olives, and feta. Toss with oil and vinegar.\n3. Serve stew with salad."
}
Wed Jan 21 10:02:40 UTC 2026: Tool=create Args={
  "path": "/home/runner/work/smart-menu-planner/smart-menu-planner/recipes/20260121/INGREDIENTS.md",
  "file_text": "# Weekly Ingredients List\n\n- Brown lentils: 120g\n- Basmati rice: 180g\n- Penne pasta: 160g\n- Chicken breast: 250g\n- Veal strips: 200g\n- Sea bass fillets: 2 (150g each)\n- Salmon fillets: 2 (150g each)\n- White fish fillets (cod/haddock): 2 (150g each)\n- Canned chickpeas: 2 x 400g\n- Canned chopped tomatoes: 3 x 400g\n- Cherry tomatoes: 200g\n- Tomato: 5\n- Carrot: 4\n- Zucchini: 2\n- Eggplant: 1\n- Bell pepper: 3\n- Broccoli: 1\n- Cauliflower: 1\n- Onion: 7\n- Red onion: 2\n- Garlic cloves: 13\n- Fresh ginger: 2 tsp\n- Fresh dill: 2 tbsp\n- Fresh parsley: 3 tbsp\n- Fresh coriander: 1 tbsp\n- Fresh mint: 1 tbsp\n- Basil leaves: 10\n- Labneh: 120g\n- Feta cheese: 200g\n- Mozzarella: 120g\n- Greek yogurt: 120g\n- Yogurt: 2 tbsp\n- Olive oil: 18 tbsp\n- Sesame oil: 1 tbsp\n- Apple: 1\n- Cucumber: 3\n- Kalamata olives: 88g\n- Lemon: 2\n- Apple cider vinegar: 1 tbsp\n- Red wine vinegar: 1 tbsp\n- Capers: 0 (not used)\n- Za'atar: 1 tsp\n- Biryani spice mix: 2 tbsp\n- Curry powder: 1 tsp\n- Dried oregano: 2 tsp\n- Smoked paprika: 2 tsp\n- Cumin: 3 tsp\n- Coriander: 1 tsp\n- Cinnamon: 1 tsp\n- Honey: 1 tsp\n- Soy sauce: 2 tbsp\n- Fish stock: 400ml\n- Chicken broth: 350ml\n- Vegetable broth: 1L\n- Salt and pepper: to taste\n- Sesame seeds: 1 tsp\n- Lemon juice: 2 tbsp\n"
}
